Aug 14, 2022 6:21:27 PM solver.v2.LinearEquation <init>
CONFIG: 
    0.00     1.00     1.00
    1.00     0.00     2.00

Aug 14, 2022 6:21:27 PM solver.v2.LinearEquation swapRows
WARNING: Swapping rows...
Aug 14, 2022 6:21:27 PM solver.v2.LinearEquation stageOne
FINEST: Stage One for index 0
Aug 14, 2022 6:21:27 PM solver.v2.LinearEquation stageOne
FINEST: 
    1.00     0.00     2.00
    0.00     1.00     1.00

Aug 14, 2022 6:21:27 PM solver.v2.LinearEquation stageOne
FINEST: 
    1.00     0.00     2.00
    0.00     1.00     1.00

Aug 14, 2022 6:21:27 PM solver.v2.LinearEquation stageOne
FINEST: Stage One for index 4
Aug 14, 2022 6:21:27 PM solver.v2.LinearEquation stageOne
FINEST: 
    1.00     0.00     2.00
    0.00     1.00     1.00

Aug 14, 2022 6:21:27 PM solver.v2.LinearEquation stageOne
FINEST: 
    1.00     0.00     2.00
    0.00     1.00     1.00

Aug 14, 2022 6:21:27 PM solver.v2.LinearEquation isManySolutions
FINE: Significant Equations: 2
Aug 14, 2022 6:21:27 PM solver.v2.LinearEquation isManySolutions
FINE: Significant Variables: 2
Aug 14, 2022 6:21:27 PM solver.v2.LinearEquation stageTwo
FINE: 
    1.00     0.00     2.00
    0.00     1.00     1.00

Aug 14, 2022 6:21:27 PM solver.v2.LinearEquation getSolution
INFO: [2.0, 1.0]
Aug 14, 2022 6:21:27 PM solver.v2.LinearEquation <init>
CONFIG: 
    2.00     6.00     1.00     3.00     9.00     1.00     6.00
    9.00     2.00     4.00     3.00     6.00     1.00     5.00
    6.00     5.00     9.00     1.00     4.00     2.00     6.00
    4.00     1.00     1.00     2.00     9.00     2.00     4.00
    5.00     4.00     6.00     2.00     3.00     1.00     6.00
    3.00     5.00     4.00     1.00     7.00     9.00     6.00

Aug 14, 2022 6:21:27 PM solver.v2.LinearEquation stageOne
FINEST: Stage One for index 0
Aug 14, 2022 6:21:27 PM solver.v2.LinearEquation stageOne
FINEST: 
    1.00     3.00     0.50     1.50     4.50     0.50     3.00
    9.00     2.00     4.00     3.00     6.00     1.00     5.00
    6.00     5.00     9.00     1.00     4.00     2.00     6.00
    4.00     1.00     1.00     2.00     9.00     2.00     4.00
    5.00     4.00     6.00     2.00     3.00     1.00     6.00
    3.00     5.00     4.00     1.00     7.00     9.00     6.00

Aug 14, 2022 6:21:27 PM solver.v2.LinearEquation stageOne
FINEST: 
    1.00     3.00     0.50     1.50     4.50     0.50     3.00
    0.00   -25.00    -0.50   -10.50   -34.50    -3.50   -22.00
    0.00   -13.00     6.00    -8.00   -23.00    -1.00   -12.00
    0.00   -11.00    -1.00    -4.00    -9.00     0.00    -8.00
    0.00   -11.00     3.50    -5.50   -19.50    -1.50    -9.00
    0.00    -4.00     2.50    -3.50    -6.50     7.50    -3.00

Aug 14, 2022 6:21:27 PM solver.v2.LinearEquation stageOne
FINEST: Stage One for index 8
Aug 14, 2022 6:21:27 PM solver.v2.LinearEquation stageOne
FINEST: 
    1.00     3.00     0.50     1.50     4.50     0.50     3.00
    0.00     1.00     0.02     0.42     1.38     0.14     0.88
    0.00   -13.00     6.00    -8.00   -23.00    -1.00   -12.00
    0.00   -11.00    -1.00    -4.00    -9.00     0.00    -8.00
    0.00   -11.00     3.50    -5.50   -19.50    -1.50    -9.00
    0.00    -4.00     2.50    -3.50    -6.50     7.50    -3.00

Aug 14, 2022 6:21:27 PM solver.v2.LinearEquation stageOne
FINEST: 
    1.00     3.00     0.50     1.50     4.50     0.50     3.00
    0.00     1.00     0.02     0.42     1.38     0.14     0.88
    0.00     0.00     6.26    -2.54    -5.06     0.82    -0.56
    0.00     0.00    -0.78     0.62     6.18     1.54     1.68
    0.00     0.00     3.72    -0.88    -4.32     0.04     0.68
    0.00     0.00     2.58    -1.82    -0.98     8.06     0.52

Aug 14, 2022 6:21:27 PM solver.v2.LinearEquation stageOne
FINEST: Stage One for index 16
Aug 14, 2022 6:21:27 PM solver.v2.LinearEquation stageOne
FINEST: 
    1.00     3.00     0.50     1.50     4.50     0.50     3.00
    0.00     1.00     0.02     0.42     1.38     0.14     0.88
    0.00     0.00     1.00    -0.41    -0.81     0.13    -0.09
    0.00     0.00    -0.78     0.62     6.18     1.54     1.68
    0.00     0.00     3.72    -0.88    -4.32     0.04     0.68
    0.00     0.00     2.58    -1.82    -0.98     8.06     0.52

Aug 14, 2022 6:21:27 PM solver.v2.LinearEquation stageOne
FINEST: 
    1.00     3.00     0.50     1.50     4.50     0.50     3.00
    0.00     1.00     0.02     0.42     1.38     0.14     0.88
    0.00     0.00     1.00    -0.41    -0.81     0.13    -0.09
    0.00     0.00     0.00     0.30     5.55     1.64     1.61
    0.00     0.00     0.00     0.63    -1.31    -0.45     1.01
    0.00     0.00     0.00    -0.77     1.11     7.72     0.75

Aug 14, 2022 6:21:27 PM solver.v2.LinearEquation stageOne
FINEST: Stage One for index 24
Aug 14, 2022 6:21:27 PM solver.v2.LinearEquation stageOne
FINEST: 
    1.00     3.00     0.50     1.50     4.50     0.50     3.00
    0.00     1.00     0.02     0.42     1.38     0.14     0.88
    0.00     0.00     1.00    -0.41    -0.81     0.13    -0.09
    0.00     0.00     0.00     1.00    18.28     5.41     5.31
    0.00     0.00     0.00     0.63    -1.31    -0.45     1.01
    0.00     0.00     0.00    -0.77     1.11     7.72     0.75

Aug 14, 2022 6:21:27 PM solver.v2.LinearEquation stageOne
FINEST: 
    1.00     3.00     0.50     1.50     4.50     0.50     3.00
    0.00     1.00     0.02     0.42     1.38     0.14     0.88
    0.00     0.00     1.00    -0.41    -0.81     0.13    -0.09
    0.00     0.00     0.00     1.00    18.28     5.41     5.31
    0.00     0.00     0.00     0.00   -12.82    -3.85    -2.33
    0.00     0.00     0.00     0.00    15.24    11.91     4.85

Aug 14, 2022 6:21:27 PM solver.v2.LinearEquation stageOne
FINEST: Stage One for index 32
Aug 14, 2022 6:21:27 PM solver.v2.LinearEquation stageOne
FINEST: 
    1.00     3.00     0.50     1.50     4.50     0.50     3.00
    0.00     1.00     0.02     0.42     1.38     0.14     0.88
    0.00     0.00     1.00    -0.41    -0.81     0.13    -0.09
    0.00     0.00     0.00     1.00    18.28     5.41     5.31
    0.00     0.00     0.00     0.00     1.00     0.30     0.18
    0.00     0.00     0.00     0.00    15.24    11.91     4.85

Aug 14, 2022 6:21:27 PM solver.v2.LinearEquation stageOne
FINEST: 
    1.00     3.00     0.50     1.50     4.50     0.50     3.00
    0.00     1.00     0.02     0.42     1.38     0.14     0.88
    0.00     0.00     1.00    -0.41    -0.81     0.13    -0.09
    0.00     0.00     0.00     1.00    18.28     5.41     5.31
    0.00     0.00     0.00     0.00     1.00     0.30     0.18
    0.00     0.00     0.00     0.00     0.00     7.33     2.09

Aug 14, 2022 6:21:27 PM solver.v2.LinearEquation stageOne
FINEST: Stage One for index 40
Aug 14, 2022 6:21:27 PM solver.v2.LinearEquation stageOne
FINEST: 
    1.00     3.00     0.50     1.50     4.50     0.50     3.00
    0.00     1.00     0.02     0.42     1.38     0.14     0.88
    0.00     0.00     1.00    -0.41    -0.81     0.13    -0.09
    0.00     0.00     0.00     1.00    18.28     5.41     5.31
    0.00     0.00     0.00     0.00     1.00     0.30     0.18
    0.00     0.00     0.00     0.00     0.00     1.00     0.28

Aug 14, 2022 6:21:27 PM solver.v2.LinearEquation stageOne
FINEST: 
    1.00     3.00     0.50     1.50     4.50     0.50     3.00
    0.00     1.00     0.02     0.42     1.38     0.14     0.88
    0.00     0.00     1.00    -0.41    -0.81     0.13    -0.09
    0.00     0.00     0.00     1.00    18.28     5.41     5.31
    0.00     0.00     0.00     0.00     1.00     0.30     0.18
    0.00     0.00     0.00     0.00     0.00     1.00     0.28

Aug 14, 2022 6:21:27 PM solver.v2.LinearEquation isManySolutions
FINE: Significant Equations: 6
Aug 14, 2022 6:21:27 PM solver.v2.LinearEquation isManySolutions
FINE: Significant Variables: 6
Aug 14, 2022 6:21:27 PM solver.v2.LinearEquation stageTwo
FINE: 
    1.00     3.00     0.50     1.50     4.50     0.00     2.86
    0.00     1.00     0.02     0.42     1.38     0.00     0.84
    0.00     0.00     1.00    -0.41    -0.81     0.00    -0.13
    0.00     0.00     0.00     1.00    18.28     0.00     3.76
    0.00     0.00     0.00     0.00     1.00     0.00     0.10
    0.00     0.00     0.00     0.00     0.00     1.00     0.28

Aug 14, 2022 6:21:27 PM solver.v2.LinearEquation stageTwo
FINE: 
    1.00     3.00     0.50     1.50     0.00     0.00     2.43
    0.00     1.00     0.02     0.42     0.00     0.00     0.71
    0.00     0.00     1.00    -0.41     0.00     0.00    -0.05
    0.00     0.00     0.00     1.00     0.00     0.00     2.01
    0.00     0.00     0.00     0.00     1.00     0.00     0.10
    0.00     0.00     0.00     0.00     0.00     1.00     0.28

Aug 14, 2022 6:21:27 PM solver.v2.LinearEquation stageTwo
FINE: 
    1.00     3.00     0.50     0.00     0.00     0.00    -0.59
    0.00     1.00     0.02     0.00     0.00     0.00    -0.14
    0.00     0.00     1.00     0.00     0.00     0.00     0.77
    0.00     0.00     0.00     1.00     0.00     0.00     2.01
    0.00     0.00     0.00     0.00     1.00     0.00     0.10
    0.00     0.00     0.00     0.00     0.00     1.00     0.28

Aug 14, 2022 6:21:27 PM solver.v2.LinearEquation stageTwo
FINE: 
    1.00     3.00     0.00     0.00     0.00     0.00    -0.97
    0.00     1.00     0.00     0.00     0.00     0.00    -0.15
    0.00     0.00     1.00     0.00     0.00     0.00     0.77
    0.00     0.00     0.00     1.00     0.00     0.00     2.01
    0.00     0.00     0.00     0.00     1.00     0.00     0.10
    0.00     0.00     0.00     0.00     0.00     1.00     0.28

Aug 14, 2022 6:21:27 PM solver.v2.LinearEquation stageTwo
FINE: 
    1.00     0.00     0.00     0.00     0.00     0.00    -0.52
    0.00     1.00     0.00     0.00     0.00     0.00    -0.15
    0.00     0.00     1.00     0.00     0.00     0.00     0.77
    0.00     0.00     0.00     1.00     0.00     0.00     2.01
    0.00     0.00     0.00     0.00     1.00     0.00     0.10
    0.00     0.00     0.00     0.00     0.00     1.00     0.28

Aug 14, 2022 6:21:27 PM solver.v2.LinearEquation getSolution
INFO: [-0.5174848688634837, -0.15232010759919276, 0.7668684151535529, 2.0115444967496074, 0.09583053127101542, 0.2849136964806096]
Aug 14, 2022 6:21:27 PM solver.v2.LinearEquation <init>
CONFIG: 
    0.00     6.00     1.00     3.00     9.00     1.00     6.00
    9.00     0.00     4.00     3.00     6.00     1.00     5.00
    6.00     5.00     0.00     1.00     4.00     2.00     6.00
    4.00     1.00     1.00     0.00     9.00     2.00     4.00
    5.00     4.00     6.00     2.00     0.00     1.00     6.00
    3.00     5.00     4.00     1.00     7.00     0.00     6.00

Aug 14, 2022 6:21:27 PM solver.v2.LinearEquation swapRows
WARNING: Swapping rows...
Aug 14, 2022 6:21:27 PM solver.v2.LinearEquation stageOne
FINEST: Stage One for index 0
Aug 14, 2022 6:21:27 PM solver.v2.LinearEquation stageOne
FINEST: 
    1.00     0.00     0.44     0.33     0.67     0.11     0.56
    0.00     6.00     1.00     3.00     9.00     1.00     6.00
    6.00     5.00     0.00     1.00     4.00     2.00     6.00
    4.00     1.00     1.00     0.00     9.00     2.00     4.00
    5.00     4.00     6.00     2.00     0.00     1.00     6.00
    3.00     5.00     4.00     1.00     7.00     0.00     6.00

Aug 14, 2022 6:21:27 PM solver.v2.LinearEquation stageOne
FINEST: 
    1.00     0.00     0.44     0.33     0.67     0.11     0.56
    0.00     6.00     1.00     3.00     9.00     1.00     6.00
    0.00     5.00    -2.67    -1.00     0.00     1.33     2.67
    0.00     1.00    -0.78    -1.33     6.33     1.56     1.78
    0.00     4.00     3.78     0.33    -3.33     0.44     3.22
    0.00     5.00     2.67     0.00     5.00    -0.33     4.33

Aug 14, 2022 6:21:27 PM solver.v2.LinearEquation stageOne
FINEST: Stage One for index 8
Aug 14, 2022 6:21:27 PM solver.v2.LinearEquation stageOne
FINEST: 
    1.00     0.00     0.44     0.33     0.67     0.11     0.56
    0.00     1.00     0.17     0.50     1.50     0.17     1.00
    0.00     5.00    -2.67    -1.00     0.00     1.33     2.67
    0.00     1.00    -0.78    -1.33     6.33     1.56     1.78
    0.00     4.00     3.78     0.33    -3.33     0.44     3.22
    0.00     5.00     2.67     0.00     5.00    -0.33     4.33

Aug 14, 2022 6:21:27 PM solver.v2.LinearEquation stageOne
FINEST: 
    1.00     0.00     0.44     0.33     0.67     0.11     0.56
    0.00     1.00     0.17     0.50     1.50     0.17     1.00
    0.00     0.00    -3.50    -3.50    -7.50     0.50    -2.33
    0.00     0.00    -0.94    -1.83     4.83     1.39     0.78
    0.00     0.00     3.11    -1.67    -9.33    -0.22    -0.78
    0.00     0.00     1.83    -2.50    -2.50    -1.17    -0.67

Aug 14, 2022 6:21:27 PM solver.v2.LinearEquation stageOne
FINEST: Stage One for index 16
Aug 14, 2022 6:21:27 PM solver.v2.LinearEquation stageOne
FINEST: 
    1.00     0.00     0.44     0.33     0.67     0.11     0.56
    0.00     1.00     0.17     0.50     1.50     0.17     1.00
    0.00     0.00     1.00     1.00     2.14    -0.14     0.67
    0.00     0.00    -0.94    -1.83     4.83     1.39     0.78
    0.00     0.00     3.11    -1.67    -9.33    -0.22    -0.78
    0.00     0.00     1.83    -2.50    -2.50    -1.17    -0.67

Aug 14, 2022 6:21:27 PM solver.v2.LinearEquation stageOne
FINEST: 
    1.00     0.00     0.44     0.33     0.67     0.11     0.56
    0.00     1.00     0.17     0.50     1.50     0.17     1.00
    0.00     0.00     1.00     1.00     2.14    -0.14     0.67
    0.00     0.00     0.00    -0.89     6.86     1.25     1.41
    0.00     0.00     0.00    -4.78   -16.00     0.22    -2.85
    0.00     0.00     0.00    -4.33    -6.43    -0.90    -1.89

Aug 14, 2022 6:21:27 PM solver.v2.LinearEquation stageOne
FINEST: Stage One for index 24
Aug 14, 2022 6:21:27 PM solver.v2.LinearEquation stageOne
FINEST: 
    1.00     0.00     0.44     0.33     0.67     0.11     0.56
    0.00     1.00     0.17     0.50     1.50     0.17     1.00
    0.00     0.00     1.00     1.00     2.14    -0.14     0.67
    0.00     0.00     0.00     1.00    -7.71    -1.41    -1.58
    0.00     0.00     0.00    -4.78   -16.00     0.22    -2.85
    0.00     0.00     0.00    -4.33    -6.43    -0.90    -1.89

Aug 14, 2022 6:21:27 PM solver.v2.LinearEquation stageOne
FINEST: 
    1.00     0.00     0.44     0.33     0.67     0.11     0.56
    0.00     1.00     0.17     0.50     1.50     0.17     1.00
    0.00     0.00     1.00     1.00     2.14    -0.14     0.67
    0.00     0.00     0.00     1.00    -7.71    -1.41    -1.58
    0.00     0.00     0.00     0.00   -52.86    -6.52   -10.42
    0.00     0.00     0.00     0.00   -39.86    -7.02    -8.75

Aug 14, 2022 6:21:27 PM solver.v2.LinearEquation stageOne
FINEST: Stage One for index 32
Aug 14, 2022 6:21:27 PM solver.v2.LinearEquation stageOne
FINEST: 
    1.00     0.00     0.44     0.33     0.67     0.11     0.56
    0.00     1.00     0.17     0.50     1.50     0.17     1.00
    0.00     0.00     1.00     1.00     2.14    -0.14     0.67
    0.00     0.00     0.00     1.00    -7.71    -1.41    -1.58
    0.00     0.00     0.00     0.00     1.00     0.12     0.20
    0.00     0.00     0.00     0.00   -39.86    -7.02    -8.75

Aug 14, 2022 6:21:27 PM solver.v2.LinearEquation stageOne
FINEST: 
    1.00     0.00     0.44     0.33     0.67     0.11     0.56
    0.00     1.00     0.17     0.50     1.50     0.17     1.00
    0.00     0.00     1.00     1.00     2.14    -0.14     0.67
    0.00     0.00     0.00     1.00    -7.71    -1.41    -1.58
    0.00     0.00     0.00     0.00     1.00     0.12     0.20
    0.00     0.00     0.00     0.00     0.00    -2.10    -0.90

Aug 14, 2022 6:21:27 PM solver.v2.LinearEquation stageOne
FINEST: Stage One for index 40
Aug 14, 2022 6:21:27 PM solver.v2.LinearEquation stageOne
FINEST: 
    1.00     0.00     0.44     0.33     0.67     0.11     0.56
    0.00     1.00     0.17     0.50     1.50     0.17     1.00
    0.00     0.00     1.00     1.00     2.14    -0.14     0.67
    0.00     0.00     0.00     1.00    -7.71    -1.41    -1.58
    0.00     0.00     0.00     0.00     1.00     0.12     0.20
    0.00     0.00     0.00     0.00     0.00     1.00     0.43

Aug 14, 2022 6:21:27 PM solver.v2.LinearEquation stageOne
FINEST: 
    1.00     0.00     0.44     0.33     0.67     0.11     0.56
    0.00     1.00     0.17     0.50     1.50     0.17     1.00
    0.00     0.00     1.00     1.00     2.14    -0.14     0.67
    0.00     0.00     0.00     1.00    -7.71    -1.41    -1.58
    0.00     0.00     0.00     0.00     1.00     0.12     0.20
    0.00     0.00     0.00     0.00     0.00     1.00     0.43

Aug 14, 2022 6:21:27 PM solver.v2.LinearEquation isManySolutions
FINE: Significant Equations: 6
Aug 14, 2022 6:21:27 PM solver.v2.LinearEquation isManySolutions
FINE: Significant Variables: 6
Aug 14, 2022 6:21:27 PM solver.v2.LinearEquation stageTwo
FINE: 
    1.00     0.00     0.44     0.33     0.67     0.00     0.51
    0.00     1.00     0.17     0.50     1.50     0.00     0.93
    0.00     0.00     1.00     1.00     2.14     0.00     0.73
    0.00     0.00     0.00     1.00    -7.71     0.00    -0.98
    0.00     0.00     0.00     0.00     1.00     0.00     0.14
    0.00     0.00     0.00     0.00     0.00     1.00     0.43

Aug 14, 2022 6:21:27 PM solver.v2.LinearEquation stageTwo
FINE: 
    1.00     0.00     0.44     0.33     0.00     0.00     0.41
    0.00     1.00     0.17     0.50     0.00     0.00     0.71
    0.00     0.00     1.00     1.00     0.00     0.00     0.42
    0.00     0.00     0.00     1.00     0.00     0.00     0.13
    0.00     0.00     0.00     0.00     1.00     0.00     0.14
    0.00     0.00     0.00     0.00     0.00     1.00     0.43

Aug 14, 2022 6:21:27 PM solver.v2.LinearEquation stageTwo
FINE: 
    1.00     0.00     0.44     0.00     0.00     0.00     0.37
    0.00     1.00     0.17     0.00     0.00     0.00     0.65
    0.00     0.00     1.00     0.00     0.00     0.00     0.29
    0.00     0.00     0.00     1.00     0.00     0.00     0.13
    0.00     0.00     0.00     0.00     1.00     0.00     0.14
    0.00     0.00     0.00     0.00     0.00     1.00     0.43

Aug 14, 2022 6:21:27 PM solver.v2.LinearEquation stageTwo
FINE: 
    1.00     0.00     0.00     0.00     0.00     0.00     0.24
    0.00     1.00     0.00     0.00     0.00     0.00     0.60
    0.00     0.00     1.00     0.00     0.00     0.00     0.29
    0.00     0.00     0.00     1.00     0.00     0.00     0.13
    0.00     0.00     0.00     0.00     1.00     0.00     0.14
    0.00     0.00     0.00     0.00     0.00     1.00     0.43

Aug 14, 2022 6:21:27 PM solver.v2.LinearEquation stageTwo
FINE: 
    1.00     0.00     0.00     0.00     0.00     0.00     0.24
    0.00     1.00     0.00     0.00     0.00     0.00     0.60
    0.00     0.00     1.00     0.00     0.00     0.00     0.29
    0.00     0.00     0.00     1.00     0.00     0.00     0.13
    0.00     0.00     0.00     0.00     1.00     0.00     0.14
    0.00     0.00     0.00     0.00     0.00     1.00     0.43

Aug 14, 2022 6:21:27 PM solver.v2.LinearEquation getSolution
INFO: [0.24096385542168658, 0.5983935742971885, 0.285140562248996, 0.13253012048192803, 0.144578313253012, 0.4257028112449805]
Aug 14, 2022 6:21:27 PM solver.v2.LinearEquation <init>
CONFIG: 
    1.00     6.00     1.00     1.00     9.00     1.00     6.00
    0.00     1.00     4.00     3.00     2.00     1.00     5.00
    0.00     0.00     0.00     1.00     4.00     2.00     6.00
    0.00     0.00     0.00     2.00     9.00     2.00     4.00
    0.00     0.00     0.00     2.00     3.00     1.00     6.00
    0.00     0.00     5.00     1.00     7.00     9.00     6.00

Aug 14, 2022 6:21:27 PM solver.v2.LinearEquation stageOne
FINEST: Stage One for index 0
Aug 14, 2022 6:21:27 PM solver.v2.LinearEquation stageOne
FINEST: 
    1.00     6.00     1.00     1.00     9.00     1.00     6.00
    0.00     1.00     4.00     3.00     2.00     1.00     5.00
    0.00     0.00     0.00     1.00     4.00     2.00     6.00
    0.00     0.00     0.00     2.00     9.00     2.00     4.00
    0.00     0.00     0.00     2.00     3.00     1.00     6.00
    0.00     0.00     5.00     1.00     7.00     9.00     6.00

Aug 14, 2022 6:21:27 PM solver.v2.LinearEquation stageOne
FINEST: 
    1.00     6.00     1.00     1.00     9.00     1.00     6.00
    0.00     1.00     4.00     3.00     2.00     1.00     5.00
    0.00     0.00     0.00     1.00     4.00     2.00     6.00
    0.00     0.00     0.00     2.00     9.00     2.00     4.00
    0.00     0.00     0.00     2.00     3.00     1.00     6.00
    0.00     0.00     5.00     1.00     7.00     9.00     6.00

Aug 14, 2022 6:21:27 PM solver.v2.LinearEquation stageOne
FINEST: Stage One for index 8
Aug 14, 2022 6:21:27 PM solver.v2.LinearEquation stageOne
FINEST: 
    1.00     6.00     1.00     1.00     9.00     1.00     6.00
    0.00     1.00     4.00     3.00     2.00     1.00     5.00
    0.00     0.00     0.00     1.00     4.00     2.00     6.00
    0.00     0.00     0.00     2.00     9.00     2.00     4.00
    0.00     0.00     0.00     2.00     3.00     1.00     6.00
    0.00     0.00     5.00     1.00     7.00     9.00     6.00

Aug 14, 2022 6:21:27 PM solver.v2.LinearEquation stageOne
FINEST: 
    1.00     6.00     1.00     1.00     9.00     1.00     6.00
    0.00     1.00     4.00     3.00     2.00     1.00     5.00
    0.00     0.00     0.00     1.00     4.00     2.00     6.00
    0.00     0.00     0.00     2.00     9.00     2.00     4.00
    0.00     0.00     0.00     2.00     3.00     1.00     6.00
    0.00     0.00     5.00     1.00     7.00     9.00     6.00

Aug 14, 2022 6:21:27 PM solver.v2.LinearEquation swapRows
WARNING: Swapping rows...
Aug 14, 2022 6:21:27 PM solver.v2.LinearEquation stageOne
FINEST: Stage One for index 16
Aug 14, 2022 6:21:27 PM solver.v2.LinearEquation stageOne
FINEST: 
    1.00     6.00     1.00     1.00     9.00     1.00     6.00
    0.00     1.00     4.00     3.00     2.00     1.00     5.00
    0.00     0.00     1.00     0.20     1.40     1.80     1.20
    0.00     0.00     0.00     2.00     9.00     2.00     4.00
    0.00     0.00     0.00     2.00     3.00     1.00     6.00
    0.00     0.00     0.00     1.00     4.00     2.00     6.00

Aug 14, 2022 6:21:27 PM solver.v2.LinearEquation stageOne
FINEST: 
    1.00     6.00     1.00     1.00     9.00     1.00     6.00
    0.00     1.00     4.00     3.00     2.00     1.00     5.00
    0.00     0.00     1.00     0.20     1.40     1.80     1.20
    0.00     0.00     0.00     2.00     9.00     2.00     4.00
    0.00     0.00     0.00     2.00     3.00     1.00     6.00
    0.00     0.00     0.00     1.00     4.00     2.00     6.00

Aug 14, 2022 6:21:27 PM solver.v2.LinearEquation stageOne
FINEST: Stage One for index 24
Aug 14, 2022 6:21:27 PM solver.v2.LinearEquation stageOne
FINEST: 
    1.00     6.00     1.00     1.00     9.00     1.00     6.00
    0.00     1.00     4.00     3.00     2.00     1.00     5.00
    0.00     0.00     1.00     0.20     1.40     1.80     1.20
    0.00     0.00     0.00     1.00     4.50     1.00     2.00
    0.00     0.00     0.00     2.00     3.00     1.00     6.00
    0.00     0.00     0.00     1.00     4.00     2.00     6.00

Aug 14, 2022 6:21:27 PM solver.v2.LinearEquation stageOne
FINEST: 
    1.00     6.00     1.00     1.00     9.00     1.00     6.00
    0.00     1.00     4.00     3.00     2.00     1.00     5.00
    0.00     0.00     1.00     0.20     1.40     1.80     1.20
    0.00     0.00     0.00     1.00     4.50     1.00     2.00
    0.00     0.00     0.00     0.00    -6.00    -1.00     2.00
    0.00     0.00     0.00     0.00    -0.50     1.00     4.00

Aug 14, 2022 6:21:27 PM solver.v2.LinearEquation stageOne
FINEST: Stage One for index 32
Aug 14, 2022 6:21:27 PM solver.v2.LinearEquation stageOne
FINEST: 
    1.00     6.00     1.00     1.00     9.00     1.00     6.00
    0.00     1.00     4.00     3.00     2.00     1.00     5.00
    0.00     0.00     1.00     0.20     1.40     1.80     1.20
    0.00     0.00     0.00     1.00     4.50     1.00     2.00
    0.00     0.00     0.00     0.00     1.00     0.17    -0.33
    0.00     0.00     0.00     0.00    -0.50     1.00     4.00

Aug 14, 2022 6:21:27 PM solver.v2.LinearEquation stageOne
FINEST: 
    1.00     6.00     1.00     1.00     9.00     1.00     6.00
    0.00     1.00     4.00     3.00     2.00     1.00     5.00
    0.00     0.00     1.00     0.20     1.40     1.80     1.20
    0.00     0.00     0.00     1.00     4.50     1.00     2.00
    0.00     0.00     0.00     0.00     1.00     0.17    -0.33
    0.00     0.00     0.00     0.00     0.00     1.08     3.83

Aug 14, 2022 6:21:27 PM solver.v2.LinearEquation stageOne
FINEST: Stage One for index 40
Aug 14, 2022 6:21:27 PM solver.v2.LinearEquation stageOne
FINEST: 
    1.00     6.00     1.00     1.00     9.00     1.00     6.00
    0.00     1.00     4.00     3.00     2.00     1.00     5.00
    0.00     0.00     1.00     0.20     1.40     1.80     1.20
    0.00     0.00     0.00     1.00     4.50     1.00     2.00
    0.00     0.00     0.00     0.00     1.00     0.17    -0.33
    0.00     0.00     0.00     0.00     0.00     1.00     3.54

Aug 14, 2022 6:21:27 PM solver.v2.LinearEquation stageOne
FINEST: 
    1.00     6.00     1.00     1.00     9.00     1.00     6.00
    0.00     1.00     4.00     3.00     2.00     1.00     5.00
    0.00     0.00     1.00     0.20     1.40     1.80     1.20
    0.00     0.00     0.00     1.00     4.50     1.00     2.00
    0.00     0.00     0.00     0.00     1.00     0.17    -0.33
    0.00     0.00     0.00     0.00     0.00     1.00     3.54

Aug 14, 2022 6:21:27 PM solver.v2.LinearEquation isManySolutions
FINE: Significant Equations: 6
Aug 14, 2022 6:21:27 PM solver.v2.LinearEquation isManySolutions
FINE: Significant Variables: 6
Aug 14, 2022 6:21:27 PM solver.v2.LinearEquation stageTwo
FINE: 
    1.00     6.00     1.00     1.00     9.00     0.00     2.46
    0.00     1.00     4.00     3.00     2.00     0.00     1.46
    0.00     0.00     1.00     0.20     1.40     0.00    -5.17
    0.00     0.00     0.00     1.00     4.50     0.00    -1.54
    0.00     0.00     0.00     0.00     1.00     0.00    -0.92
    0.00     0.00     0.00     0.00     0.00     1.00     3.54

Aug 14, 2022 6:21:27 PM solver.v2.LinearEquation stageTwo
FINE: 
    1.00     6.00     1.00     1.00     0.00     0.00    10.77
    0.00     1.00     4.00     3.00     0.00     0.00     3.31
    0.00     0.00     1.00     0.20     0.00     0.00    -3.88
    0.00     0.00     0.00     1.00     0.00     0.00     2.62
    0.00     0.00     0.00     0.00     1.00     0.00    -0.92
    0.00     0.00     0.00     0.00     0.00     1.00     3.54

Aug 14, 2022 6:21:27 PM solver.v2.LinearEquation stageTwo
FINE: 
    1.00     6.00     1.00     0.00     0.00     0.00     8.15
    0.00     1.00     4.00     0.00     0.00     0.00    -4.54
    0.00     0.00     1.00     0.00     0.00     0.00    -4.40
    0.00     0.00     0.00     1.00     0.00     0.00     2.62
    0.00     0.00     0.00     0.00     1.00     0.00    -0.92
    0.00     0.00     0.00     0.00     0.00     1.00     3.54

Aug 14, 2022 6:21:27 PM solver.v2.LinearEquation stageTwo
FINE: 
    1.00     6.00     0.00     0.00     0.00     0.00    12.55
    0.00     1.00     0.00     0.00     0.00     0.00    13.06
    0.00     0.00     1.00     0.00     0.00     0.00    -4.40
    0.00     0.00     0.00     1.00     0.00     0.00     2.62
    0.00     0.00     0.00     0.00     1.00     0.00    -0.92
    0.00     0.00     0.00     0.00     0.00     1.00     3.54

Aug 14, 2022 6:21:27 PM solver.v2.LinearEquation stageTwo
FINE: 
    1.00     0.00     0.00     0.00     0.00     0.00   -65.82
    0.00     1.00     0.00     0.00     0.00     0.00    13.06
    0.00     0.00     1.00     0.00     0.00     0.00    -4.40
    0.00     0.00     0.00     1.00     0.00     0.00     2.62
    0.00     0.00     0.00     0.00     1.00     0.00    -0.92
    0.00     0.00     0.00     0.00     0.00     1.00     3.54

Aug 14, 2022 6:21:27 PM solver.v2.LinearEquation getSolution
INFO: [-65.81538461538462, 13.061538461538461, -4.4, 2.6153846153846154, -0.9230769230769231, 3.5384615384615388]
Aug 14, 2022 6:21:27 PM solver.v2.LinearEquation <init>
CONFIG: 
    1.00     6.00     1.00     1.00     9.00     1.00     6.00
    0.00     1.00     4.00     3.00     2.00     1.00     5.00
    0.00     0.00     0.00     0.00     0.00     2.00     6.00
    0.00     0.00     0.00     0.00     2.00     2.00     4.00
    0.00     0.00     0.00     9.00     2.00     1.00     6.00
    0.00     0.00     7.00     1.00     7.00     9.00     6.00

Aug 14, 2022 6:21:27 PM solver.v2.LinearEquation stageOne
FINEST: Stage One for index 0
Aug 14, 2022 6:21:27 PM solver.v2.LinearEquation stageOne
FINEST: 
    1.00     6.00     1.00     1.00     9.00     1.00     6.00
    0.00     1.00     4.00     3.00     2.00     1.00     5.00
    0.00     0.00     0.00     0.00     0.00     2.00     6.00
    0.00     0.00     0.00     0.00     2.00     2.00     4.00
    0.00     0.00     0.00     9.00     2.00     1.00     6.00
    0.00     0.00     7.00     1.00     7.00     9.00     6.00

Aug 14, 2022 6:21:27 PM solver.v2.LinearEquation stageOne
FINEST: 
    1.00     6.00     1.00     1.00     9.00     1.00     6.00
    0.00     1.00     4.00     3.00     2.00     1.00     5.00
    0.00     0.00     0.00     0.00     0.00     2.00     6.00
    0.00     0.00     0.00     0.00     2.00     2.00     4.00
    0.00     0.00     0.00     9.00     2.00     1.00     6.00
    0.00     0.00     7.00     1.00     7.00     9.00     6.00

Aug 14, 2022 6:21:27 PM solver.v2.LinearEquation stageOne
FINEST: Stage One for index 8
Aug 14, 2022 6:21:27 PM solver.v2.LinearEquation stageOne
FINEST: 
    1.00     6.00     1.00     1.00     9.00     1.00     6.00
    0.00     1.00     4.00     3.00     2.00     1.00     5.00
    0.00     0.00     0.00     0.00     0.00     2.00     6.00
    0.00     0.00     0.00     0.00     2.00     2.00     4.00
    0.00     0.00     0.00     9.00     2.00     1.00     6.00
    0.00     0.00     7.00     1.00     7.00     9.00     6.00

Aug 14, 2022 6:21:27 PM solver.v2.LinearEquation stageOne
FINEST: 
    1.00     6.00     1.00     1.00     9.00     1.00     6.00
    0.00     1.00     4.00     3.00     2.00     1.00     5.00
    0.00     0.00     0.00     0.00     0.00     2.00     6.00
    0.00     0.00     0.00     0.00     2.00     2.00     4.00
    0.00     0.00     0.00     9.00     2.00     1.00     6.00
    0.00     0.00     7.00     1.00     7.00     9.00     6.00

Aug 14, 2022 6:21:27 PM solver.v2.LinearEquation swapRows
WARNING: Swapping rows...
Aug 14, 2022 6:21:27 PM solver.v2.LinearEquation stageOne
FINEST: Stage One for index 16
Aug 14, 2022 6:21:27 PM solver.v2.LinearEquation stageOne
FINEST: 
    1.00     6.00     1.00     1.00     9.00     1.00     6.00
    0.00     1.00     4.00     3.00     2.00     1.00     5.00
    0.00     0.00     1.00     0.14     1.00     1.29     0.86
    0.00     0.00     0.00     0.00     2.00     2.00     4.00
    0.00     0.00     0.00     9.00     2.00     1.00     6.00
    0.00     0.00     0.00     0.00     0.00     2.00     6.00

Aug 14, 2022 6:21:27 PM solver.v2.LinearEquation stageOne
FINEST: 
    1.00     6.00     1.00     1.00     9.00     1.00     6.00
    0.00     1.00     4.00     3.00     2.00     1.00     5.00
    0.00     0.00     1.00     0.14     1.00     1.29     0.86
    0.00     0.00     0.00     0.00     2.00     2.00     4.00
    0.00     0.00     0.00     9.00     2.00     1.00     6.00
    0.00     0.00     0.00     0.00     0.00     2.00     6.00

Aug 14, 2022 6:21:27 PM solver.v2.LinearEquation swapRows
WARNING: Swapping rows...
Aug 14, 2022 6:21:27 PM solver.v2.LinearEquation stageOne
FINEST: Stage One for index 24
Aug 14, 2022 6:21:27 PM solver.v2.LinearEquation stageOne
FINEST: 
    1.00     6.00     1.00     1.00     9.00     1.00     6.00
    0.00     1.00     4.00     3.00     2.00     1.00     5.00
    0.00     0.00     1.00     0.14     1.00     1.29     0.86
    0.00     0.00     0.00     1.00     0.22     0.11     0.67
    0.00     0.00     0.00     0.00     2.00     2.00     4.00
    0.00     0.00     0.00     0.00     0.00     2.00     6.00

Aug 14, 2022 6:21:27 PM solver.v2.LinearEquation stageOne
FINEST: 
    1.00     6.00     1.00     1.00     9.00     1.00     6.00
    0.00     1.00     4.00     3.00     2.00     1.00     5.00
    0.00     0.00     1.00     0.14     1.00     1.29     0.86
    0.00     0.00     0.00     1.00     0.22     0.11     0.67
    0.00     0.00     0.00     0.00     2.00     2.00     4.00
    0.00     0.00     0.00     0.00     0.00     2.00     6.00

Aug 14, 2022 6:21:27 PM solver.v2.LinearEquation stageOne
FINEST: Stage One for index 32
Aug 14, 2022 6:21:27 PM solver.v2.LinearEquation stageOne
FINEST: 
    1.00     6.00     1.00     1.00     9.00     1.00     6.00
    0.00     1.00     4.00     3.00     2.00     1.00     5.00
    0.00     0.00     1.00     0.14     1.00     1.29     0.86
    0.00     0.00     0.00     1.00     0.22     0.11     0.67
    0.00     0.00     0.00     0.00     1.00     1.00     2.00
    0.00     0.00     0.00     0.00     0.00     2.00     6.00

Aug 14, 2022 6:21:27 PM solver.v2.LinearEquation stageOne
FINEST: 
    1.00     6.00     1.00     1.00     9.00     1.00     6.00
    0.00     1.00     4.00     3.00     2.00     1.00     5.00
    0.00     0.00     1.00     0.14     1.00     1.29     0.86
    0.00     0.00     0.00     1.00     0.22     0.11     0.67
    0.00     0.00     0.00     0.00     1.00     1.00     2.00
    0.00     0.00     0.00     0.00     0.00     2.00     6.00

Aug 14, 2022 6:21:27 PM solver.v2.LinearEquation stageOne
FINEST: Stage One for index 40
Aug 14, 2022 6:21:27 PM solver.v2.LinearEquation stageOne
FINEST: 
    1.00     6.00     1.00     1.00     9.00     1.00     6.00
    0.00     1.00     4.00     3.00     2.00     1.00     5.00
    0.00     0.00     1.00     0.14     1.00     1.29     0.86
    0.00     0.00     0.00     1.00     0.22     0.11     0.67
    0.00     0.00     0.00     0.00     1.00     1.00     2.00
    0.00     0.00     0.00     0.00     0.00     1.00     3.00

Aug 14, 2022 6:21:27 PM solver.v2.LinearEquation stageOne
FINEST: 
    1.00     6.00     1.00     1.00     9.00     1.00     6.00
    0.00     1.00     4.00     3.00     2.00     1.00     5.00
    0.00     0.00     1.00     0.14     1.00     1.29     0.86
    0.00     0.00     0.00     1.00     0.22     0.11     0.67
    0.00     0.00     0.00     0.00     1.00     1.00     2.00
    0.00     0.00     0.00     0.00     0.00     1.00     3.00

Aug 14, 2022 6:21:27 PM solver.v2.LinearEquation isManySolutions
FINE: Significant Equations: 6
Aug 14, 2022 6:21:27 PM solver.v2.LinearEquation isManySolutions
FINE: Significant Variables: 6
Aug 14, 2022 6:21:27 PM solver.v2.LinearEquation stageTwo
FINE: 
    1.00     6.00     1.00     1.00     9.00     0.00     3.00
    0.00     1.00     4.00     3.00     2.00     0.00     2.00
    0.00     0.00     1.00     0.14     1.00     0.00    -3.00
    0.00     0.00     0.00     1.00     0.22     0.00     0.33
    0.00     0.00     0.00     0.00     1.00     0.00    -1.00
    0.00     0.00     0.00     0.00     0.00     1.00     3.00

Aug 14, 2022 6:21:27 PM solver.v2.LinearEquation stageTwo
FINE: 
    1.00     6.00     1.00     1.00     0.00     0.00    12.00
    0.00     1.00     4.00     3.00     0.00     0.00     4.00
    0.00     0.00     1.00     0.14     0.00     0.00    -2.00
    0.00     0.00     0.00     1.00     0.00     0.00     0.56
    0.00     0.00     0.00     0.00     1.00     0.00    -1.00
    0.00     0.00     0.00     0.00     0.00     1.00     3.00

Aug 14, 2022 6:21:27 PM solver.v2.LinearEquation stageTwo
FINE: 
    1.00     6.00     1.00     0.00     0.00     0.00    11.44
    0.00     1.00     4.00     0.00     0.00     0.00     2.33
    0.00     0.00     1.00     0.00     0.00     0.00    -2.08
    0.00     0.00     0.00     1.00     0.00     0.00     0.56
    0.00     0.00     0.00     0.00     1.00     0.00    -1.00
    0.00     0.00     0.00     0.00     0.00     1.00     3.00

Aug 14, 2022 6:21:27 PM solver.v2.LinearEquation stageTwo
FINE: 
    1.00     6.00     0.00     0.00     0.00     0.00    13.52
    0.00     1.00     0.00     0.00     0.00     0.00    10.65
    0.00     0.00     1.00     0.00     0.00     0.00    -2.08
    0.00     0.00     0.00     1.00     0.00     0.00     0.56
    0.00     0.00     0.00     0.00     1.00     0.00    -1.00
    0.00     0.00     0.00     0.00     0.00     1.00     3.00

Aug 14, 2022 6:21:27 PM solver.v2.LinearEquation stageTwo
FINE: 
    1.00     0.00     0.00     0.00     0.00     0.00   -50.38
    0.00     1.00     0.00     0.00     0.00     0.00    10.65
    0.00     0.00     1.00     0.00     0.00     0.00    -2.08
    0.00     0.00     0.00     1.00     0.00     0.00     0.56
    0.00     0.00     0.00     0.00     1.00     0.00    -1.00
    0.00     0.00     0.00     0.00     0.00     1.00     3.00

Aug 14, 2022 6:21:27 PM solver.v2.LinearEquation getSolution
INFO: [-50.38095238095239, 10.650793650793652, -2.07936507936508, 0.5555555555555556, -1.0, 3.0]
Aug 14, 2022 6:21:27 PM solver.v2.LinearEquation <init>
CONFIG: 
    0.00     1.00     2.00     9.00
    0.00     1.00     3.00     1.00
    1.00     0.00     6.00     0.00
    2.00     0.00     2.00     0.00

Aug 14, 2022 6:21:27 PM solver.v2.LinearEquation swapRows
WARNING: Swapping rows...
Aug 14, 2022 6:21:27 PM solver.v2.LinearEquation stageOne
FINEST: Stage One for index 0
Aug 14, 2022 6:21:27 PM solver.v2.LinearEquation stageOne
FINEST: 
    1.00     0.00     6.00     0.00
    0.00     1.00     3.00     1.00
    0.00     1.00     2.00     9.00
    2.00     0.00     2.00     0.00

Aug 14, 2022 6:21:27 PM solver.v2.LinearEquation stageOne
FINEST: 
    1.00     0.00     6.00     0.00
    0.00     1.00     3.00     1.00
    0.00     1.00     2.00     9.00
    0.00     0.00   -10.00     0.00

Aug 14, 2022 6:21:27 PM solver.v2.LinearEquation stageOne
FINEST: Stage One for index 5
Aug 14, 2022 6:21:27 PM solver.v2.LinearEquation stageOne
FINEST: 
    1.00     0.00     6.00     0.00
    0.00     1.00     3.00     1.00
    0.00     1.00     2.00     9.00
    0.00     0.00   -10.00     0.00

Aug 14, 2022 6:21:27 PM solver.v2.LinearEquation stageOne
FINEST: 
    1.00     0.00     6.00     0.00
    0.00     1.00     3.00     1.00
    0.00     0.00    -1.00     8.00
    0.00     0.00   -10.00     0.00

Aug 14, 2022 6:21:27 PM solver.v2.LinearEquation stageOne
FINEST: Stage One for index 10
Aug 14, 2022 6:21:27 PM solver.v2.LinearEquation stageOne
FINEST: 
    1.00     0.00     6.00     0.00
    0.00     1.00     3.00     1.00
    0.00     0.00     1.00    -8.00
    0.00     0.00   -10.00     0.00

Aug 14, 2022 6:21:27 PM solver.v2.LinearEquation stageOne
FINEST: 
    1.00     0.00     6.00     0.00
    0.00     1.00     3.00     1.00
    0.00     0.00     1.00    -8.00
    0.00     0.00     0.00   -80.00

Aug 14, 2022 6:21:27 PM solver.v2.LinearEquation stageOne
FINEST: Stage One for index 15
Aug 14, 2022 6:21:27 PM solver.v2.LinearEquation stageOne
FINEST: 
    1.00     0.00     6.00     0.00
    0.00     1.00     3.00     1.00
    0.00     0.00     1.00    -8.00
    0.00     0.00     0.00     1.00

Aug 14, 2022 6:21:27 PM solver.v2.LinearEquation stageOne
FINEST: 
    1.00     0.00     6.00     0.00
    0.00     1.00     3.00     1.00
    0.00     0.00     1.00    -8.00
    0.00     0.00     0.00     1.00

Aug 14, 2022 6:21:27 PM solver.v2.LinearEquation <init>
CONFIG: 
    1.00     1.00     2.00     9.00
    0.00     1.00     3.00     1.00
    0.00     0.00     6.00     0.00
    0.00     0.00     0.00     0.00

Aug 14, 2022 6:21:27 PM solver.v2.LinearEquation stageOne
FINEST: Stage One for index 0
Aug 14, 2022 6:21:27 PM solver.v2.LinearEquation stageOne
FINEST: 
    1.00     1.00     2.00     9.00
    0.00     1.00     3.00     1.00
    0.00     0.00     6.00     0.00
    0.00     0.00     0.00     0.00

Aug 14, 2022 6:21:27 PM solver.v2.LinearEquation stageOne
FINEST: 
    1.00     1.00     2.00     9.00
    0.00     1.00     3.00     1.00
    0.00     0.00     6.00     0.00
    0.00     0.00     0.00     0.00

Aug 14, 2022 6:21:27 PM solver.v2.LinearEquation stageOne
FINEST: Stage One for index 5
Aug 14, 2022 6:21:27 PM solver.v2.LinearEquation stageOne
FINEST: 
    1.00     1.00     2.00     9.00
    0.00     1.00     3.00     1.00
    0.00     0.00     6.00     0.00
    0.00     0.00     0.00     0.00

Aug 14, 2022 6:21:27 PM solver.v2.LinearEquation stageOne
FINEST: 
    1.00     1.00     2.00     9.00
    0.00     1.00     3.00     1.00
    0.00     0.00     6.00     0.00
    0.00     0.00     0.00     0.00

Aug 14, 2022 6:21:27 PM solver.v2.LinearEquation stageOne
FINEST: Stage One for index 10
Aug 14, 2022 6:21:27 PM solver.v2.LinearEquation stageOne
FINEST: 
    1.00     1.00     2.00     9.00
    0.00     1.00     3.00     1.00
    0.00     0.00     1.00     0.00
    0.00     0.00     0.00     0.00

Aug 14, 2022 6:21:27 PM solver.v2.LinearEquation stageOne
FINEST: 
    1.00     1.00     2.00     9.00
    0.00     1.00     3.00     1.00
    0.00     0.00     1.00     0.00
    0.00     0.00     0.00     0.00

Aug 14, 2022 6:21:27 PM solver.v2.LinearEquation isManySolutions
FINE: Significant Equations: 3
Aug 14, 2022 6:21:27 PM solver.v2.LinearEquation isManySolutions
FINE: Significant Variables: 3
Aug 14, 2022 6:21:27 PM solver.v2.LinearEquation stageTwo
FINE: 
    1.00     1.00     0.00     9.00
    0.00     1.00     0.00     1.00
    0.00     0.00     1.00     0.00
    0.00     0.00     0.00     0.00

Aug 14, 2022 6:21:27 PM solver.v2.LinearEquation stageTwo
FINE: 
    1.00     0.00     0.00     8.00
    0.00     1.00     0.00     1.00
    0.00     0.00     1.00     0.00
    0.00     0.00     0.00     0.00

Aug 14, 2022 6:21:27 PM solver.v2.LinearEquation getSolution
INFO: [8.0, 1.0, 0.0]
Aug 14, 2022 6:21:27 PM solver.v2.LinearEquation <init>
CONFIG: 
    1.00     1.00     2.00     9.00
    0.00     1.00     3.00     1.00
    0.00     0.00     6.00     0.00
    0.00     0.00     0.00     7.00

Aug 14, 2022 6:21:27 PM solver.v2.LinearEquation stageOne
FINEST: Stage One for index 0
Aug 14, 2022 6:21:27 PM solver.v2.LinearEquation stageOne
FINEST: 
    1.00     1.00     2.00     9.00
    0.00     1.00     3.00     1.00
    0.00     0.00     6.00     0.00
    0.00     0.00     0.00     7.00

Aug 14, 2022 6:21:27 PM solver.v2.LinearEquation stageOne
FINEST: 
    1.00     1.00     2.00     9.00
    0.00     1.00     3.00     1.00
    0.00     0.00     6.00     0.00
    0.00     0.00     0.00     7.00

Aug 14, 2022 6:21:27 PM solver.v2.LinearEquation stageOne
FINEST: Stage One for index 5
Aug 14, 2022 6:21:27 PM solver.v2.LinearEquation stageOne
FINEST: 
    1.00     1.00     2.00     9.00
    0.00     1.00     3.00     1.00
    0.00     0.00     6.00     0.00
    0.00     0.00     0.00     7.00

Aug 14, 2022 6:21:27 PM solver.v2.LinearEquation stageOne
FINEST: 
    1.00     1.00     2.00     9.00
    0.00     1.00     3.00     1.00
    0.00     0.00     6.00     0.00
    0.00     0.00     0.00     7.00

Aug 14, 2022 6:21:27 PM solver.v2.LinearEquation stageOne
FINEST: Stage One for index 10
Aug 14, 2022 6:21:27 PM solver.v2.LinearEquation stageOne
FINEST: 
    1.00     1.00     2.00     9.00
    0.00     1.00     3.00     1.00
    0.00     0.00     1.00     0.00
    0.00     0.00     0.00     7.00

Aug 14, 2022 6:21:27 PM solver.v2.LinearEquation stageOne
FINEST: 
    1.00     1.00     2.00     9.00
    0.00     1.00     3.00     1.00
    0.00     0.00     1.00     0.00
    0.00     0.00     0.00     7.00

Aug 14, 2022 6:21:27 PM solver.v2.LinearEquation stageOne
FINEST: Stage One for index 15
Aug 14, 2022 6:21:27 PM solver.v2.LinearEquation stageOne
FINEST: 
    1.00     1.00     2.00     9.00
    0.00     1.00     3.00     1.00
    0.00     0.00     1.00     0.00
    0.00     0.00     0.00     1.00

Aug 14, 2022 6:21:27 PM solver.v2.LinearEquation stageOne
FINEST: 
    1.00     1.00     2.00     9.00
    0.00     1.00     3.00     1.00
    0.00     0.00     1.00     0.00
    0.00     0.00     0.00     1.00

Aug 14, 2022 6:21:27 PM solver.v2.LinearEquation <init>
CONFIG: 
    1.00     1.00     2.00     9.00
    0.00     1.00     3.00     1.00
    0.00     2.00     6.00     2.00
    0.00     0.00     0.00     0.00

Aug 14, 2022 6:21:27 PM solver.v2.LinearEquation stageOne
FINEST: Stage One for index 0
Aug 14, 2022 6:21:27 PM solver.v2.LinearEquation stageOne
FINEST: 
    1.00     1.00     2.00     9.00
    0.00     1.00     3.00     1.00
    0.00     2.00     6.00     2.00
    0.00     0.00     0.00     0.00

Aug 14, 2022 6:21:27 PM solver.v2.LinearEquation stageOne
FINEST: 
    1.00     1.00     2.00     9.00
    0.00     1.00     3.00     1.00
    0.00     2.00     6.00     2.00
    0.00     0.00     0.00     0.00

Aug 14, 2022 6:21:27 PM solver.v2.LinearEquation stageOne
FINEST: Stage One for index 5
Aug 14, 2022 6:21:27 PM solver.v2.LinearEquation stageOne
FINEST: 
    1.00     1.00     2.00     9.00
    0.00     1.00     3.00     1.00
    0.00     2.00     6.00     2.00
    0.00     0.00     0.00     0.00

Aug 14, 2022 6:21:27 PM solver.v2.LinearEquation stageOne
FINEST: 
    1.00     1.00     2.00     9.00
    0.00     1.00     3.00     1.00
    0.00     0.00     0.00     0.00
    0.00     0.00     0.00     0.00

Aug 14, 2022 6:21:27 PM solver.v2.LinearEquation isManySolutions
FINE: Significant Equations: 2
Aug 14, 2022 6:21:27 PM solver.v2.LinearEquation isManySolutions
FINE: Significant Variables: 3
Aug 14, 2022 6:21:27 PM solver.v2.LinearEquation <init>
CONFIG: 
    1.00     1.00     2.00     9.00     7.00
    0.00     1.00     3.00     1.00     2.00
    0.00     2.00     6.00     2.00     9.00

Aug 14, 2022 6:21:27 PM solver.v2.LinearEquation stageOne
FINEST: Stage One for index 0
Aug 14, 2022 6:21:27 PM solver.v2.LinearEquation stageOne
FINEST: 
    1.00     1.00     2.00     9.00     7.00
    0.00     1.00     3.00     1.00     2.00
    0.00     2.00     6.00     2.00     9.00

Aug 14, 2022 6:21:27 PM solver.v2.LinearEquation stageOne
FINEST: 
    1.00     1.00     2.00     9.00     7.00
    0.00     1.00     3.00     1.00     2.00
    0.00     2.00     6.00     2.00     9.00

Aug 14, 2022 6:21:27 PM solver.v2.LinearEquation stageOne
FINEST: Stage One for index 6
Aug 14, 2022 6:21:27 PM solver.v2.LinearEquation stageOne
FINEST: 
    1.00     1.00     2.00     9.00     7.00
    0.00     1.00     3.00     1.00     2.00
    0.00     2.00     6.00     2.00     9.00

Aug 14, 2022 6:21:27 PM solver.v2.LinearEquation stageOne
FINEST: 
    1.00     1.00     2.00     9.00     7.00
    0.00     1.00     3.00     1.00     2.00
    0.00     0.00     0.00     0.00     5.00

Aug 14, 2022 6:21:27 PM solver.v2.LinearEquation <init>
CONFIG: 
    1.00     1.00     2.00     9.00     7.00
    0.00     1.00     3.00     1.00     2.00
    0.00     2.00     6.00     3.00     9.00

Aug 14, 2022 6:21:27 PM solver.v2.LinearEquation stageOne
FINEST: Stage One for index 0
Aug 14, 2022 6:21:27 PM solver.v2.LinearEquation stageOne
FINEST: 
    1.00     1.00     2.00     9.00     7.00
    0.00     1.00     3.00     1.00     2.00
    0.00     2.00     6.00     3.00     9.00

Aug 14, 2022 6:21:27 PM solver.v2.LinearEquation stageOne
FINEST: 
    1.00     1.00     2.00     9.00     7.00
    0.00     1.00     3.00     1.00     2.00
    0.00     2.00     6.00     3.00     9.00

Aug 14, 2022 6:21:27 PM solver.v2.LinearEquation stageOne
FINEST: Stage One for index 6
Aug 14, 2022 6:21:27 PM solver.v2.LinearEquation stageOne
FINEST: 
    1.00     1.00     2.00     9.00     7.00
    0.00     1.00     3.00     1.00     2.00
    0.00     2.00     6.00     3.00     9.00

Aug 14, 2022 6:21:27 PM solver.v2.LinearEquation stageOne
FINEST: 
    1.00     1.00     2.00     9.00     7.00
    0.00     1.00     3.00     1.00     2.00
    0.00     0.00     0.00     1.00     5.00

Aug 14, 2022 6:21:27 PM solver.v2.LinearEquation swapCols
WARNING: Swapping cols...
Aug 14, 2022 6:21:27 PM solver.v2.LinearEquation stageOne
FINEST: Stage One for index 12
Aug 14, 2022 6:21:27 PM solver.v2.LinearEquation stageOne
FINEST: 
    1.00     1.00     9.00     2.00     7.00
    0.00     1.00     1.00     3.00     2.00
    0.00     0.00     1.00     0.00     5.00

Aug 14, 2022 6:21:27 PM solver.v2.LinearEquation stageOne
FINEST: 
    1.00     1.00     9.00     2.00     7.00
    0.00     1.00     1.00     3.00     2.00
    0.00     0.00     1.00     0.00     5.00

Aug 14, 2022 6:21:27 PM solver.v2.LinearEquation isManySolutions
FINE: Significant Equations: 3
Aug 14, 2022 6:21:27 PM solver.v2.LinearEquation isManySolutions
FINE: Significant Variables: 4
Aug 14, 2022 6:21:27 PM solver.v2.LinearEquation <init>
CONFIG: 
    1.00     0.00     0.00     0.00     1.00
    0.00     0.00     0.00     0.00     0.00
    1.00     0.00     0.00     0.00     0.00

Aug 14, 2022 6:21:27 PM solver.v2.LinearEquation stageOne
FINEST: Stage One for index 0
Aug 14, 2022 6:21:27 PM solver.v2.LinearEquation stageOne
FINEST: 
    1.00     0.00     0.00     0.00     1.00
    0.00     0.00     0.00     0.00     0.00
    1.00     0.00     0.00     0.00     0.00

Aug 14, 2022 6:21:27 PM solver.v2.LinearEquation stageOne
FINEST: 
    1.00     0.00     0.00     0.00     1.00
    0.00     0.00     0.00     0.00     0.00
    0.00     0.00     0.00     0.00    -1.00

