Aug 14, 2022 6:21:27 PM solver.v2.LinearEquation <init>
CONFIG: 
    1.00     6.00     1.00     1.00     9.00     1.00     6.00
    0.00     1.00     4.00     3.00     2.00     1.00     5.00
    0.00     0.00     0.00     0.00     0.00     2.00     6.00
    0.00     0.00     0.00     0.00     2.00     2.00     4.00
    0.00     0.00     0.00     9.00     2.00     1.00     6.00
    0.00     0.00     7.00     1.00     7.00     9.00     6.00

Aug 14, 2022 6:21:27 PM solver.v2.LinearEquation stageOne
FINEST: Stage One for index 0
Aug 14, 2022 6:21:27 PM solver.v2.LinearEquation stageOne
FINEST: 
    1.00     6.00     1.00     1.00     9.00     1.00     6.00
    0.00     1.00     4.00     3.00     2.00     1.00     5.00
    0.00     0.00     0.00     0.00     0.00     2.00     6.00
    0.00     0.00     0.00     0.00     2.00     2.00     4.00
    0.00     0.00     0.00     9.00     2.00     1.00     6.00
    0.00     0.00     7.00     1.00     7.00     9.00     6.00

Aug 14, 2022 6:21:27 PM solver.v2.LinearEquation stageOne
FINEST: 
    1.00     6.00     1.00     1.00     9.00     1.00     6.00
    0.00     1.00     4.00     3.00     2.00     1.00     5.00
    0.00     0.00     0.00     0.00     0.00     2.00     6.00
    0.00     0.00     0.00     0.00     2.00     2.00     4.00
    0.00     0.00     0.00     9.00     2.00     1.00     6.00
    0.00     0.00     7.00     1.00     7.00     9.00     6.00

Aug 14, 2022 6:21:27 PM solver.v2.LinearEquation stageOne
FINEST: Stage One for index 8
Aug 14, 2022 6:21:27 PM solver.v2.LinearEquation stageOne
FINEST: 
    1.00     6.00     1.00     1.00     9.00     1.00     6.00
    0.00     1.00     4.00     3.00     2.00     1.00     5.00
    0.00     0.00     0.00     0.00     0.00     2.00     6.00
    0.00     0.00     0.00     0.00     2.00     2.00     4.00
    0.00     0.00     0.00     9.00     2.00     1.00     6.00
    0.00     0.00     7.00     1.00     7.00     9.00     6.00

Aug 14, 2022 6:21:27 PM solver.v2.LinearEquation stageOne
FINEST: 
    1.00     6.00     1.00     1.00     9.00     1.00     6.00
    0.00     1.00     4.00     3.00     2.00     1.00     5.00
    0.00     0.00     0.00     0.00     0.00     2.00     6.00
    0.00     0.00     0.00     0.00     2.00     2.00     4.00
    0.00     0.00     0.00     9.00     2.00     1.00     6.00
    0.00     0.00     7.00     1.00     7.00     9.00     6.00

Aug 14, 2022 6:21:27 PM solver.v2.LinearEquation swapRows
WARNING: Swapping rows...
Aug 14, 2022 6:21:27 PM solver.v2.LinearEquation stageOne
FINEST: Stage One for index 16
Aug 14, 2022 6:21:27 PM solver.v2.LinearEquation stageOne
FINEST: 
    1.00     6.00     1.00     1.00     9.00     1.00     6.00
    0.00     1.00     4.00     3.00     2.00     1.00     5.00
    0.00     0.00     1.00     0.14     1.00     1.29     0.86
    0.00     0.00     0.00     0.00     2.00     2.00     4.00
    0.00     0.00     0.00     9.00     2.00     1.00     6.00
    0.00     0.00     0.00     0.00     0.00     2.00     6.00

Aug 14, 2022 6:21:27 PM solver.v2.LinearEquation stageOne
FINEST: 
    1.00     6.00     1.00     1.00     9.00     1.00     6.00
    0.00     1.00     4.00     3.00     2.00     1.00     5.00
    0.00     0.00     1.00     0.14     1.00     1.29     0.86
    0.00     0.00     0.00     0.00     2.00     2.00     4.00
    0.00     0.00     0.00     9.00     2.00     1.00     6.00
    0.00     0.00     0.00     0.00     0.00     2.00     6.00

Aug 14, 2022 6:21:27 PM solver.v2.LinearEquation swapRows
WARNING: Swapping rows...
Aug 14, 2022 6:21:27 PM solver.v2.LinearEquation stageOne
FINEST: Stage One for index 24
Aug 14, 2022 6:21:27 PM solver.v2.LinearEquation stageOne
FINEST: 
    1.00     6.00     1.00     1.00     9.00     1.00     6.00
    0.00     1.00     4.00     3.00     2.00     1.00     5.00
    0.00     0.00     1.00     0.14     1.00     1.29     0.86
    0.00     0.00     0.00     1.00     0.22     0.11     0.67
    0.00     0.00     0.00     0.00     2.00     2.00     4.00
    0.00     0.00     0.00     0.00     0.00     2.00     6.00

Aug 14, 2022 6:21:27 PM solver.v2.LinearEquation stageOne
FINEST: 
    1.00     6.00     1.00     1.00     9.00     1.00     6.00
    0.00     1.00     4.00     3.00     2.00     1.00     5.00
    0.00     0.00     1.00     0.14     1.00     1.29     0.86
    0.00     0.00     0.00     1.00     0.22     0.11     0.67
    0.00     0.00     0.00     0.00     2.00     2.00     4.00
    0.00     0.00     0.00     0.00     0.00     2.00     6.00

Aug 14, 2022 6:21:27 PM solver.v2.LinearEquation stageOne
FINEST: Stage One for index 32
Aug 14, 2022 6:21:27 PM solver.v2.LinearEquation stageOne
FINEST: 
    1.00     6.00     1.00     1.00     9.00     1.00     6.00
    0.00     1.00     4.00     3.00     2.00     1.00     5.00
    0.00     0.00     1.00     0.14     1.00     1.29     0.86
    0.00     0.00     0.00     1.00     0.22     0.11     0.67
    0.00     0.00     0.00     0.00     1.00     1.00     2.00
    0.00     0.00     0.00     0.00     0.00     2.00     6.00

Aug 14, 2022 6:21:27 PM solver.v2.LinearEquation stageOne
FINEST: 
    1.00     6.00     1.00     1.00     9.00     1.00     6.00
    0.00     1.00     4.00     3.00     2.00     1.00     5.00
    0.00     0.00     1.00     0.14     1.00     1.29     0.86
    0.00     0.00     0.00     1.00     0.22     0.11     0.67
    0.00     0.00     0.00     0.00     1.00     1.00     2.00
    0.00     0.00     0.00     0.00     0.00     2.00     6.00

Aug 14, 2022 6:21:27 PM solver.v2.LinearEquation stageOne
FINEST: Stage One for index 40
Aug 14, 2022 6:21:27 PM solver.v2.LinearEquation stageOne
FINEST: 
    1.00     6.00     1.00     1.00     9.00     1.00     6.00
    0.00     1.00     4.00     3.00     2.00     1.00     5.00
    0.00     0.00     1.00     0.14     1.00     1.29     0.86
    0.00     0.00     0.00     1.00     0.22     0.11     0.67
    0.00     0.00     0.00     0.00     1.00     1.00     2.00
    0.00     0.00     0.00     0.00     0.00     1.00     3.00

Aug 14, 2022 6:21:27 PM solver.v2.LinearEquation stageOne
FINEST: 
    1.00     6.00     1.00     1.00     9.00     1.00     6.00
    0.00     1.00     4.00     3.00     2.00     1.00     5.00
    0.00     0.00     1.00     0.14     1.00     1.29     0.86
    0.00     0.00     0.00     1.00     0.22     0.11     0.67
    0.00     0.00     0.00     0.00     1.00     1.00     2.00
    0.00     0.00     0.00     0.00     0.00     1.00     3.00

Aug 14, 2022 6:21:27 PM solver.v2.LinearEquation isManySolutions
FINE: Significant Equations: 6
Aug 14, 2022 6:21:27 PM solver.v2.LinearEquation isManySolutions
FINE: Significant Variables: 6
Aug 14, 2022 6:21:27 PM solver.v2.LinearEquation stageTwo
FINE: 
    1.00     6.00     1.00     1.00     9.00     0.00     3.00
    0.00     1.00     4.00     3.00     2.00     0.00     2.00
    0.00     0.00     1.00     0.14     1.00     0.00    -3.00
    0.00     0.00     0.00     1.00     0.22     0.00     0.33
    0.00     0.00     0.00     0.00     1.00     0.00    -1.00
    0.00     0.00     0.00     0.00     0.00     1.00     3.00

Aug 14, 2022 6:21:27 PM solver.v2.LinearEquation stageTwo
FINE: 
    1.00     6.00     1.00     1.00     0.00     0.00    12.00
    0.00     1.00     4.00     3.00     0.00     0.00     4.00
    0.00     0.00     1.00     0.14     0.00     0.00    -2.00
    0.00     0.00     0.00     1.00     0.00     0.00     0.56
    0.00     0.00     0.00     0.00     1.00     0.00    -1.00
    0.00     0.00     0.00     0.00     0.00     1.00     3.00

Aug 14, 2022 6:21:27 PM solver.v2.LinearEquation stageTwo
FINE: 
    1.00     6.00     1.00     0.00     0.00     0.00    11.44
    0.00     1.00     4.00     0.00     0.00     0.00     2.33
    0.00     0.00     1.00     0.00     0.00     0.00    -2.08
    0.00     0.00     0.00     1.00     0.00     0.00     0.56
    0.00     0.00     0.00     0.00     1.00     0.00    -1.00
    0.00     0.00     0.00     0.00     0.00     1.00     3.00

Aug 14, 2022 6:21:27 PM solver.v2.LinearEquation stageTwo
FINE: 
    1.00     6.00     0.00     0.00     0.00     0.00    13.52
    0.00     1.00     0.00     0.00     0.00     0.00    10.65
    0.00     0.00     1.00     0.00     0.00     0.00    -2.08
    0.00     0.00     0.00     1.00     0.00     0.00     0.56
    0.00     0.00     0.00     0.00     1.00     0.00    -1.00
    0.00     0.00     0.00     0.00     0.00     1.00     3.00

Aug 14, 2022 6:21:27 PM solver.v2.LinearEquation stageTwo
FINE: 
    1.00     0.00     0.00     0.00     0.00     0.00   -50.38
    0.00     1.00     0.00     0.00     0.00     0.00    10.65
    0.00     0.00     1.00     0.00     0.00     0.00    -2.08
    0.00     0.00     0.00     1.00     0.00     0.00     0.56
    0.00     0.00     0.00     0.00     1.00     0.00    -1.00
    0.00     0.00     0.00     0.00     0.00     1.00     3.00

Aug 14, 2022 6:21:27 PM solver.v2.LinearEquation getSolution
INFO: [-50.38095238095239, 10.650793650793652, -2.07936507936508, 0.5555555555555556, -1.0, 3.0]
Aug 14, 2022 6:21:27 PM solver.v2.LinearEquation <init>
CONFIG: 
    0.00     1.00     2.00     9.00
    0.00     1.00     3.00     1.00
    1.00     0.00     6.00     0.00
    2.00     0.00     2.00     0.00

Aug 14, 2022 6:21:27 PM solver.v2.LinearEquation swapRows
WARNING: Swapping rows...
Aug 14, 2022 6:21:27 PM solver.v2.LinearEquation stageOne
FINEST: Stage One for index 0
Aug 14, 2022 6:21:27 PM solver.v2.LinearEquation stageOne
FINEST: 
    1.00     0.00     6.00     0.00
    0.00     1.00     3.00     1.00
    0.00     1.00     2.00     9.00
    2.00     0.00     2.00     0.00

Aug 14, 2022 6:21:27 PM solver.v2.LinearEquation stageOne
FINEST: 
    1.00     0.00     6.00     0.00
    0.00     1.00     3.00     1.00
    0.00     1.00     2.00     9.00
    0.00     0.00   -10.00     0.00

Aug 14, 2022 6:21:27 PM solver.v2.LinearEquation stageOne
FINEST: Stage One for index 5
Aug 14, 2022 6:21:27 PM solver.v2.LinearEquation stageOne
FINEST: 
    1.00     0.00     6.00     0.00
    0.00     1.00     3.00     1.00
    0.00     1.00     2.00     9.00
    0.00     0.00   -10.00     0.00

Aug 14, 2022 6:21:27 PM solver.v2.LinearEquation stageOne
FINEST: 
    1.00     0.00     6.00     0.00
    0.00     1.00     3.00     1.00
    0.00     0.00    -1.00     8.00
    0.00     0.00   -10.00     0.00

Aug 14, 2022 6:21:27 PM solver.v2.LinearEquation stageOne
FINEST: Stage One for index 10
Aug 14, 2022 6:21:27 PM solver.v2.LinearEquation stageOne
FINEST: 
    1.00     0.00     6.00     0.00
    0.00     1.00     3.00     1.00
    0.00     0.00     1.00    -8.00
    0.00     0.00   -10.00     0.00

Aug 14, 2022 6:21:27 PM solver.v2.LinearEquation stageOne
FINEST: 
    1.00     0.00     6.00     0.00
    0.00     1.00     3.00     1.00
    0.00     0.00     1.00    -8.00
    0.00     0.00     0.00   -80.00

Aug 14, 2022 6:21:27 PM solver.v2.LinearEquation stageOne
FINEST: Stage One for index 15
Aug 14, 2022 6:21:27 PM solver.v2.LinearEquation stageOne
FINEST: 
    1.00     0.00     6.00     0.00
    0.00     1.00     3.00     1.00
    0.00     0.00     1.00    -8.00
    0.00     0.00     0.00     1.00

Aug 14, 2022 6:21:27 PM solver.v2.LinearEquation stageOne
FINEST: 
    1.00     0.00     6.00     0.00
    0.00     1.00     3.00     1.00
    0.00     0.00     1.00    -8.00
    0.00     0.00     0.00     1.00

Aug 14, 2022 6:21:27 PM solver.v2.LinearEquation <init>
CONFIG: 
    1.00     1.00     2.00     9.00
    0.00     1.00     3.00     1.00
    0.00     0.00     6.00     0.00
    0.00     0.00     0.00     0.00

Aug 14, 2022 6:21:27 PM solver.v2.LinearEquation stageOne
FINEST: Stage One for index 0
Aug 14, 2022 6:21:27 PM solver.v2.LinearEquation stageOne
FINEST: 
    1.00     1.00     2.00     9.00
    0.00     1.00     3.00     1.00
    0.00     0.00     6.00     0.00
    0.00     0.00     0.00     0.00

Aug 14, 2022 6:21:27 PM solver.v2.LinearEquation stageOne
FINEST: 
    1.00     1.00     2.00     9.00
    0.00     1.00     3.00     1.00
    0.00     0.00     6.00     0.00
    0.00     0.00     0.00     0.00

Aug 14, 2022 6:21:27 PM solver.v2.LinearEquation stageOne
FINEST: Stage One for index 5
Aug 14, 2022 6:21:27 PM solver.v2.LinearEquation stageOne
FINEST: 
    1.00     1.00     2.00     9.00
    0.00     1.00     3.00     1.00
    0.00     0.00     6.00     0.00
    0.00     0.00     0.00     0.00

Aug 14, 2022 6:21:27 PM solver.v2.LinearEquation stageOne
FINEST: 
    1.00     1.00     2.00     9.00
    0.00     1.00     3.00     1.00
    0.00     0.00     6.00     0.00
    0.00     0.00     0.00     0.00

Aug 14, 2022 6:21:27 PM solver.v2.LinearEquation stageOne
FINEST: Stage One for index 10
Aug 14, 2022 6:21:27 PM solver.v2.LinearEquation stageOne
FINEST: 
    1.00     1.00     2.00     9.00
    0.00     1.00     3.00     1.00
    0.00     0.00     1.00     0.00
    0.00     0.00     0.00     0.00

Aug 14, 2022 6:21:27 PM solver.v2.LinearEquation stageOne
FINEST: 
    1.00     1.00     2.00     9.00
    0.00     1.00     3.00     1.00
    0.00     0.00     1.00     0.00
    0.00     0.00     0.00     0.00

Aug 14, 2022 6:21:27 PM solver.v2.LinearEquation isManySolutions
FINE: Significant Equations: 3
Aug 14, 2022 6:21:27 PM solver.v2.LinearEquation isManySolutions
FINE: Significant Variables: 3
Aug 14, 2022 6:21:27 PM solver.v2.LinearEquation stageTwo
FINE: 
    1.00     1.00     0.00     9.00
    0.00     1.00     0.00     1.00
    0.00     0.00     1.00     0.00
    0.00     0.00     0.00     0.00

Aug 14, 2022 6:21:27 PM solver.v2.LinearEquation stageTwo
FINE: 
    1.00     0.00     0.00     8.00
    0.00     1.00     0.00     1.00
    0.00     0.00     1.00     0.00
    0.00     0.00     0.00     0.00

Aug 14, 2022 6:21:27 PM solver.v2.LinearEquation getSolution
INFO: [8.0, 1.0, 0.0]
Aug 14, 2022 6:21:27 PM solver.v2.LinearEquation <init>
CONFIG: 
    1.00     1.00     2.00     9.00
    0.00     1.00     3.00     1.00
    0.00     0.00     6.00     0.00
    0.00     0.00     0.00     7.00

Aug 14, 2022 6:21:27 PM solver.v2.LinearEquation stageOne
FINEST: Stage One for index 0
Aug 14, 2022 6:21:27 PM solver.v2.LinearEquation stageOne
FINEST: 
    1.00     1.00     2.00     9.00
    0.00     1.00     3.00     1.00
    0.00     0.00     6.00     0.00
    0.00     0.00     0.00     7.00

Aug 14, 2022 6:21:27 PM solver.v2.LinearEquation stageOne
FINEST: 
    1.00     1.00     2.00     9.00
    0.00     1.00     3.00     1.00
    0.00     0.00     6.00     0.00
    0.00     0.00     0.00     7.00

Aug 14, 2022 6:21:27 PM solver.v2.LinearEquation stageOne
FINEST: Stage One for index 5
Aug 14, 2022 6:21:27 PM solver.v2.LinearEquation stageOne
FINEST: 
    1.00     1.00     2.00     9.00
    0.00     1.00     3.00     1.00
    0.00     0.00     6.00     0.00
    0.00     0.00     0.00     7.00

Aug 14, 2022 6:21:27 PM solver.v2.LinearEquation stageOne
FINEST: 
    1.00     1.00     2.00     9.00
    0.00     1.00     3.00     1.00
    0.00     0.00     6.00     0.00
    0.00     0.00     0.00     7.00

Aug 14, 2022 6:21:27 PM solver.v2.LinearEquation stageOne
FINEST: Stage One for index 10
Aug 14, 2022 6:21:27 PM solver.v2.LinearEquation stageOne
FINEST: 
    1.00     1.00     2.00     9.00
    0.00     1.00     3.00     1.00
    0.00     0.00     1.00     0.00
    0.00     0.00     0.00     7.00

Aug 14, 2022 6:21:27 PM solver.v2.LinearEquation stageOne
FINEST: 
    1.00     1.00     2.00     9.00
    0.00     1.00     3.00     1.00
    0.00     0.00     1.00     0.00
    0.00     0.00     0.00     7.00

Aug 14, 2022 6:21:27 PM solver.v2.LinearEquation stageOne
FINEST: Stage One for index 15
Aug 14, 2022 6:21:27 PM solver.v2.LinearEquation stageOne
FINEST: 
    1.00     1.00     2.00     9.00
    0.00     1.00     3.00     1.00
    0.00     0.00     1.00     0.00
    0.00     0.00     0.00     1.00

Aug 14, 2022 6:21:27 PM solver.v2.LinearEquation stageOne
FINEST: 
    1.00     1.00     2.00     9.00
    0.00     1.00     3.00     1.00
    0.00     0.00     1.00     0.00
    0.00     0.00     0.00     1.00

Aug 14, 2022 6:21:27 PM solver.v2.LinearEquation <init>
CONFIG: 
    1.00     1.00     2.00     9.00
    0.00     1.00     3.00     1.00
    0.00     2.00     6.00     2.00
    0.00     0.00     0.00     0.00

Aug 14, 2022 6:21:27 PM solver.v2.LinearEquation stageOne
FINEST: Stage One for index 0
Aug 14, 2022 6:21:27 PM solver.v2.LinearEquation stageOne
FINEST: 
    1.00     1.00     2.00     9.00
    0.00     1.00     3.00     1.00
    0.00     2.00     6.00     2.00
    0.00     0.00     0.00     0.00

Aug 14, 2022 6:21:27 PM solver.v2.LinearEquation stageOne
FINEST: 
    1.00     1.00     2.00     9.00
    0.00     1.00     3.00     1.00
    0.00     2.00     6.00     2.00
    0.00     0.00     0.00     0.00

Aug 14, 2022 6:21:27 PM solver.v2.LinearEquation stageOne
FINEST: Stage One for index 5
Aug 14, 2022 6:21:27 PM solver.v2.LinearEquation stageOne
FINEST: 
    1.00     1.00     2.00     9.00
    0.00     1.00     3.00     1.00
    0.00     2.00     6.00     2.00
    0.00     0.00     0.00     0.00

Aug 14, 2022 6:21:27 PM solver.v2.LinearEquation stageOne
FINEST: 
    1.00     1.00     2.00     9.00
    0.00     1.00     3.00     1.00
    0.00     0.00     0.00     0.00
    0.00     0.00     0.00     0.00

Aug 14, 2022 6:21:27 PM solver.v2.LinearEquation isManySolutions
FINE: Significant Equations: 2
Aug 14, 2022 6:21:27 PM solver.v2.LinearEquation isManySolutions
FINE: Significant Variables: 3
Aug 14, 2022 6:21:27 PM solver.v2.LinearEquation <init>
CONFIG: 
    1.00     1.00     2.00     9.00     7.00
    0.00     1.00     3.00     1.00     2.00
    0.00     2.00     6.00     2.00     9.00

Aug 14, 2022 6:21:27 PM solver.v2.LinearEquation stageOne
FINEST: Stage One for index 0
Aug 14, 2022 6:21:27 PM solver.v2.LinearEquation stageOne
FINEST: 
    1.00     1.00     2.00     9.00     7.00
    0.00     1.00     3.00     1.00     2.00
    0.00     2.00     6.00     2.00     9.00

Aug 14, 2022 6:21:27 PM solver.v2.LinearEquation stageOne
FINEST: 
    1.00     1.00     2.00     9.00     7.00
    0.00     1.00     3.00     1.00     2.00
    0.00     2.00     6.00     2.00     9.00

Aug 14, 2022 6:21:27 PM solver.v2.LinearEquation stageOne
FINEST: Stage One for index 6
Aug 14, 2022 6:21:27 PM solver.v2.LinearEquation stageOne
FINEST: 
    1.00     1.00     2.00     9.00     7.00
    0.00     1.00     3.00     1.00     2.00
    0.00     2.00     6.00     2.00     9.00

Aug 14, 2022 6:21:27 PM solver.v2.LinearEquation stageOne
FINEST: 
    1.00     1.00     2.00     9.00     7.00
    0.00     1.00     3.00     1.00     2.00
    0.00     0.00     0.00     0.00     5.00

Aug 14, 2022 6:21:27 PM solver.v2.LinearEquation <init>
CONFIG: 
    1.00     1.00     2.00     9.00     7.00
    0.00     1.00     3.00     1.00     2.00
    0.00     2.00     6.00     3.00     9.00

Aug 14, 2022 6:21:27 PM solver.v2.LinearEquation stageOne
FINEST: Stage One for index 0
Aug 14, 2022 6:21:27 PM solver.v2.LinearEquation stageOne
FINEST: 
    1.00     1.00     2.00     9.00     7.00
    0.00     1.00     3.00     1.00     2.00
    0.00     2.00     6.00     3.00     9.00

Aug 14, 2022 6:21:27 PM solver.v2.LinearEquation stageOne
FINEST: 
    1.00     1.00     2.00     9.00     7.00
    0.00     1.00     3.00     1.00     2.00
    0.00     2.00     6.00     3.00     9.00

Aug 14, 2022 6:21:27 PM solver.v2.LinearEquation stageOne
FINEST: Stage One for index 6
Aug 14, 2022 6:21:27 PM solver.v2.LinearEquation stageOne
FINEST: 
    1.00     1.00     2.00     9.00     7.00
    0.00     1.00     3.00     1.00     2.00
    0.00     2.00     6.00     3.00     9.00

Aug 14, 2022 6:21:27 PM solver.v2.LinearEquation stageOne
FINEST: 
    1.00     1.00     2.00     9.00     7.00
    0.00     1.00     3.00     1.00     2.00
    0.00     0.00     0.00     1.00     5.00

Aug 14, 2022 6:21:27 PM solver.v2.LinearEquation swapCols
WARNING: Swapping cols...
Aug 14, 2022 6:21:27 PM solver.v2.LinearEquation stageOne
FINEST: Stage One for index 12
Aug 14, 2022 6:21:27 PM solver.v2.LinearEquation stageOne
FINEST: 
    1.00     1.00     9.00     2.00     7.00
    0.00     1.00     1.00     3.00     2.00
    0.00     0.00     1.00     0.00     5.00

Aug 14, 2022 6:21:27 PM solver.v2.LinearEquation stageOne
FINEST: 
    1.00     1.00     9.00     2.00     7.00
    0.00     1.00     1.00     3.00     2.00
    0.00     0.00     1.00     0.00     5.00

Aug 14, 2022 6:21:27 PM solver.v2.LinearEquation isManySolutions
FINE: Significant Equations: 3
Aug 14, 2022 6:21:27 PM solver.v2.LinearEquation isManySolutions
FINE: Significant Variables: 4
Aug 14, 2022 6:21:27 PM solver.v2.LinearEquation <init>
CONFIG: 
    1.00     0.00     0.00     0.00     1.00
    0.00     0.00     0.00     0.00     0.00
    1.00     0.00     0.00     0.00     0.00

Aug 14, 2022 6:21:27 PM solver.v2.LinearEquation stageOne
FINEST: Stage One for index 0
Aug 14, 2022 6:21:27 PM solver.v2.LinearEquation stageOne
FINEST: 
    1.00     0.00     0.00     0.00     1.00
    0.00     0.00     0.00     0.00     0.00
    1.00     0.00     0.00     0.00     0.00

Aug 14, 2022 6:21:27 PM solver.v2.LinearEquation stageOne
FINEST: 
    1.00     0.00     0.00     0.00     1.00
    0.00     0.00     0.00     0.00     0.00
    0.00     0.00     0.00     0.00    -1.00

